============================================================
   Tang Dynasty, V4.6.14314
   Copyright:   Shanghai Anlogic Infotech Co., Ltd.
                2011 - 2021
   Executable = D:/Mysoftware/TD_RELEASE/bin/td.exe
   Built at =   11:20:06 Sep 19 2019
   Run by =     hwi7
   Run Date =   Thu Nov 21 18:45:16 2019

   Run on =     DESKTOP-9202K4D
============================================================
RUN-1002 : start command "open_project eglm35.al"
HDL-1007 : analyze verilog file ../../rtl/eglm35.v
HDL-1007 : analyze verilog file nitu_dre.v
HDL-1007 : analyze verilog file de_code.v
HDL-1007 : analyze verilog file data_handling.v
HDL-1007 : analyze verilog file al_ip/lm35_adc.v
HDL-1007 : analyze verilog file al_ip/adc_clk_pll.v
HDL-1007 : analyze verilog file de_code_seg_dp.v
RUN-1002 : start command "import_device eagle_s20.db -package BG256"
ARC-1001 : Device Initialization.
ARC-1001 : ------------------------------------------------------------------
ARC-1001 :            OPTION            |          IO          |   SETTING   
ARC-1001 : ------------------------------------------------------------------
ARC-1001 :   cso_b/cclk/mosi/miso/dout  |  T3/R11/T10/P10/S11  |    gpio    
ARC-1001 :             done             |         P13          |    gpio    
ARC-1001 :           program_b          |          T2          |  dedicated  
ARC-1001 :        tdi/tms/tck/tdo       |   C12/A15/C14/E14    |  dedicated  
ARC-1001 : ------------------------------------------------------------------
ARC-1004 : Device setting, marked 5 dedicate IOs in total.
RUN-1002 : start command "import_db eglm35_pr.db"
RUN-1001 : Importing database generated by Tang Dynasty, V4.6.14314.
RUN-1001 : Database version number 46116.
RUN-1001 : Import IO constraints
RUN-1001 : Import Inst constraints
RUN-1001 : Import flow parameters
ARC-1002 : Mark IO location M10 as dedicated.
RUN-1003 : finish command "import_db eglm35_pr.db" in  1.324959s wall, 1.265625s user + 0.109375s system = 1.375000s CPU (103.8%)

RUN-1004 : used memory is 204 MB, reserved memory is 175 MB, peak memory is 204 MB
RUN-1002 : start command "download -bit eglm35.bit -mode jtag -spd 6 -sec 64 -cable 0"
PRG-2014 : Chip validation success: EAGLE_S20_BG256
RUN-1002 : start command "bit_to_vec -chip EAGLE_S20_BG256 -m jtag -bit eglm35.bit"
PRG-3000 : BIT2VEC::JtagBitstream: completed! line_num = 1354, frame_num = 1259
RUN-1003 : finish command "bit_to_vec -chip EAGLE_S20_BG256 -m jtag -bit eglm35.bit" in  1.865220s wall, 1.765625s user + 0.093750s system = 1.859375s CPU (99.7%)

RUN-1004 : used memory is 389 MB, reserved memory is 343 MB, peak memory is 391 MB
RUN-1002 : start command "program -cable 0 -spd 6 -p"
RUN-1003 : finish command "program -cable 0 -spd 6 -p" in  6.431550s wall, 0.312500s user + 0.031250s system = 0.343750s CPU (5.3%)

RUN-1004 : used memory is 414 MB, reserved memory is 369 MB, peak memory is 415 MB
RUN-1003 : finish command "download -bit eglm35.bit -mode jtag -spd 6 -sec 64 -cable 0" in  8.904630s wall, 2.187500s user + 0.187500s system = 2.375000s CPU (26.7%)

RUN-1004 : used memory is 271 MB, reserved memory is 221 MB, peak memory is 415 MB
GUI-1001 : Download success!
