============================================================
   Tang Dynasty, V4.6.14314
   Copyright:   Shanghai Anlogic Infotech Co., Ltd.
                2011 - 2021
   Executable = D:/FPGA_ANLU/bin/td.exe
   Built at =   11:20:06 Sep 19 2019
   Run by =     star
   Run Date =   Fri Nov 22 15:24:28 2019

   Run on =     DESKTOP-0V3OOB3
============================================================
RUN-1002 : start command "open_project eglm35.al"
HDL-1007 : analyze verilog file ../../rtl/eglm35.v
HDL-1007 : analyze verilog file nitu_dre.v
HDL-1007 : analyze verilog file de_code.v
HDL-1007 : analyze verilog file data_handling.v
HDL-1007 : analyze verilog file al_ip/lm35_adc.v
HDL-1007 : analyze verilog file al_ip/adc_clk_pll.v
HDL-1007 : analyze verilog file de_code_seg_dp.v
RUN-1003 : finish command "open_project eglm35.al" in  1.557106s wall, 0.125000s user + 0.140625s system = 0.265625s CPU (17.1%)

RUN-1004 : used memory is 31 MB, reserved memory is 13 MB, peak memory is 31 MB
RUN-1002 : start command "import_device eagle_s20.db -package BG256"
ARC-1001 : Device Initialization.
ARC-1001 : ------------------------------------------------------------------
ARC-1001 :            OPTION            |          IO          |   SETTING   
ARC-1001 : ------------------------------------------------------------------
ARC-1001 :   cso_b/cclk/mosi/miso/dout  |  T3/R11/T10/P10/S11  |    gpio    
ARC-1001 :             done             |         P13          |    gpio    
ARC-1001 :           program_b          |          T2          |  dedicated  
ARC-1001 :        tdi/tms/tck/tdo       |   C12/A15/C14/E14    |  dedicated  
ARC-1001 : ------------------------------------------------------------------
ARC-1004 : Device setting, marked 5 dedicate IOs in total.
RUN-1003 : finish command "import_device eagle_s20.db -package BG256" in  4.178605s wall, 1.750000s user + 0.515625s system = 2.265625s CPU (54.2%)

RUN-1004 : used memory is 80 MB, reserved memory is 57 MB, peak memory is 80 MB
RUN-1002 : start command "import_db eglm35_pr.db"
RUN-1001 : Importing database generated by Tang Dynasty, V4.6.14314.
RUN-1001 : Database version number 46116.
RUN-1001 : Import IO constraints
RUN-1001 : Import Inst constraints
RUN-1001 : Import flow parameters
ARC-1002 : Mark IO location M10 as dedicated.
RUN-1003 : finish command "import_db eglm35_pr.db" in  7.913919s wall, 3.781250s user + 1.625000s system = 5.406250s CPU (68.3%)

RUN-1004 : used memory is 176 MB, reserved memory is 169 MB, peak memory is 176 MB
HDL-1007 : analyze verilog file ../../rtl/eglm35.v
HDL-1007 : analyze verilog file nitu_dre.v
HDL-1007 : analyze verilog file de_code.v
HDL-1007 : analyze verilog file data_handling.v
HDL-1007 : analyze verilog file al_ip/lm35_adc.v
HDL-1007 : analyze verilog file al_ip/adc_clk_pll.v
HDL-1007 : analyze verilog file de_code_seg_dp.v
HDL-1007 : analyze verilog file ../../rtl/rs04_dri.v
